build/app/intermediates/manifest_merge_blame_file/debug/manifest-merger-blame-debug-report.txt
1<?xml version="1.0" encoding="utf-8"?>
2<manifest xmlns:android="http://schemas.android.com/apk/res/android"
3    package="com.example.ai_assestant"
4    android:versionCode="1"
5    android:versionName="1.0.0" >
6
7    <uses-sdk
8        android:minSdkVersion="21"
9        android:targetSdkVersion="34" />
10    <!--
11         The INTERNET permission is required for development. Specifically,
12         the Flutter tool needs it to communicate with the running application
13         to allow setting breakpoints, to provide hot reload, etc.
14    -->
15    <uses-permission android:name="android.permission.INTERNET" />
15-->src/main/AndroidManifest.xml:6:5-66
15-->src/main/AndroidManifest.xml:6:22-64
16    <!-- Permissions required by the app -->
17    <uses-permission android:name="android.permission.RECORD_AUDIO" />
17-->src/main/AndroidManifest.xml:5:5-70
17-->src/main/AndroidManifest.xml:5:22-68
18    <uses-permission android:name="android.permission.BLUETOOTH" />
18-->src/main/AndroidManifest.xml:7:5-67
18-->src/main/AndroidManifest.xml:7:22-65
19    <uses-permission android:name="android.permission.BLUETOOTH_ADMIN" />
19-->src/main/AndroidManifest.xml:8:5-73
19-->src/main/AndroidManifest.xml:8:22-71
20    <uses-permission android:name="android.permission.BLUETOOTH_CONNECT" />
20-->src/main/AndroidManifest.xml:9:5-75
20-->src/main/AndroidManifest.xml:9:22-73
21    <uses-permission android:name="android.permission.FOREGROUND_SERVICE" />
21-->src/main/AndroidManifest.xml:10:5-76
21-->src/main/AndroidManifest.xml:10:22-74
22    <uses-permission android:name="android.permission.SYSTEM_ALERT_WINDOW" />
22-->src/main/AndroidManifest.xml:11:5-78
22-->src/main/AndroidManifest.xml:11:22-75
23    <uses-permission android:name="android.permission.FOREGROUND_SERVICE_SPECIAL_USE" /> <!-- Permission for foreground service types -->
23-->src/main/AndroidManifest.xml:12:5-89
23-->src/main/AndroidManifest.xml:12:22-86
24    <uses-permission android:name="android.permission.FOREGROUND_SERVICE_DATA_SYNC" />
24-->src/main/AndroidManifest.xml:14:5-86
24-->src/main/AndroidManifest.xml:14:22-84
25    <uses-permission android:name="android.permission.FOREGROUND_SERVICE_REMOTE_MESSAGING" /> <!-- Queries for external services used by the app -->
25-->src/main/AndroidManifest.xml:15:5-93
25-->src/main/AndroidManifest.xml:15:22-91
26    <queries>
26-->src/main/AndroidManifest.xml:63:5-79:15
27
28        <!-- Query for the Speech Recognition Service -->
29        <intent>
29-->src/main/AndroidManifest.xml:65:9-67:18
30            <action android:name="android.speech.RecognitionService" />
30-->src/main/AndroidManifest.xml:66:13-72
30-->src/main/AndroidManifest.xml:66:21-69
31        </intent>
32
33        <!-- Query for the Text-to-Speech Service -->
34        <intent>
34-->src/main/AndroidManifest.xml:70:9-72:18
35            <action android:name="android.intent.action.TTS_SERVICE" />
35-->src/main/AndroidManifest.xml:71:13-72
35-->src/main/AndroidManifest.xml:71:21-69
36        </intent>
37
38        <!-- Query for processing text input -->
39        <intent>
39-->src/main/AndroidManifest.xml:75:9-78:18
40            <action android:name="android.intent.action.PROCESS_TEXT" />
40-->src/main/AndroidManifest.xml:76:13-73
40-->src/main/AndroidManifest.xml:76:21-70
41
42            <data android:mimeType="text/plain" />
42-->src/main/AndroidManifest.xml:77:13-51
42-->src/main/AndroidManifest.xml:77:19-48
43        </intent>
44    </queries>
45
46    <uses-permission android:name="android.permission.WAKE_LOCK" />
46-->[:flutter_foreground_task] AndroidManifest.xml:10:5-68
46-->[:flutter_foreground_task] AndroidManifest.xml:10:22-65
47    <uses-permission android:name="android.permission.RECEIVE_BOOT_COMPLETED" />
47-->[:flutter_foreground_task] AndroidManifest.xml:11:5-81
47-->[:flutter_foreground_task] AndroidManifest.xml:11:22-78
48    <uses-permission android:name="android.permission.POST_NOTIFICATIONS" />
48-->[:flutter_foreground_task] AndroidManifest.xml:12:5-77
48-->[:flutter_foreground_task] AndroidManifest.xml:12:22-74
49
50    <permission
50-->[androidx.core:core:1.13.1] AndroidManifest.xml:22:5-24:47
51        android:name="com.example.ai_assestant.DYNAMIC_RECEIVER_NOT_EXPORTED_PERMISSION"
51-->[androidx.core:core:1.13.1] AndroidManifest.xml:23:9-81
52        android:protectionLevel="signature" />
52-->[androidx.core:core:1.13.1] AndroidManifest.xml:24:9-44
53
54    <uses-permission android:name="com.example.ai_assestant.DYNAMIC_RECEIVER_NOT_EXPORTED_PERMISSION" />
54-->[androidx.core:core:1.13.1] AndroidManifest.xml:26:5-97
54-->[androidx.core:core:1.13.1] AndroidManifest.xml:26:22-94
55
56    <application
57        android:name="android.app.Application"
58        android:appComponentFactory="androidx.core.app.CoreComponentFactory"
58-->[androidx.core:core:1.13.1] AndroidManifest.xml:28:18-86
59        android:debuggable="true"
60        android:icon="@mipmap/ic_launcher"
61        android:label="AI Assistant" >
62        <activity
63            android:name="com.example.ai_assestant.MainActivity"
64            android:configChanges="orientation|keyboardHidden|keyboard|screenSize|smallestScreenSize|locale|layoutDirection|fontScale|screenLayout|density|uiMode"
65            android:exported="true"
66            android:hardwareAccelerated="true"
67            android:launchMode="singleTop"
68            android:taskAffinity=""
69            android:theme="@style/LaunchTheme"
70            android:windowSoftInputMode="adjustResize" >
71            <intent-filter>
72                <action android:name="android.intent.action.MAIN" />
73
74                <category android:name="android.intent.category.LAUNCHER" />
75            </intent-filter>
76        </activity>
77
78        <!-- Foreground service declaration -->
79        <service
80            android:name="com.pravera.flutter_foreground_task.service.ForegroundService"
81            android:exported="false"
82            android:foregroundServiceType="dataSync|remoteMessaging" />
83        <service
84            android:name="flutter.overlay.window.flutter_overlay_window.OverlayService"
85            android:exported="false"
86            android:foregroundServiceType="specialUse" >
87            <property
88                android:name="android.app.PROPERTY_SPECIAL_USE_FGS_SUBTYPE"
89                android:value="explanation_for_special_use" />
90        </service>
91
92        <!-- Theme for the Flutter Activity -->
93        <meta-data
94            android:name="io.flutter.embedding.android.NormalTheme"
95            android:resource="@style/NormalTheme" />
96
97        <!-- Required for Flutter tool to generate GeneratedPluginRegistrant.java -->
98        <meta-data
99            android:name="flutterEmbedding"
100            android:value="2" />
101
102        <receiver
102-->[:flutter_foreground_task] AndroidManifest.xml:15:9-23:20
103            android:name="com.pravera.flutter_foreground_task.service.RebootReceiver"
103-->[:flutter_foreground_task] AndroidManifest.xml:16:13-86
104            android:enabled="true"
104-->[:flutter_foreground_task] AndroidManifest.xml:17:13-35
105            android:exported="true" >
105-->[:flutter_foreground_task] AndroidManifest.xml:18:13-36
106            <intent-filter>
106-->[:flutter_foreground_task] AndroidManifest.xml:19:13-22:29
107                <action android:name="android.intent.action.BOOT_COMPLETED" />
107-->[:flutter_foreground_task] AndroidManifest.xml:20:17-79
107-->[:flutter_foreground_task] AndroidManifest.xml:20:25-76
108                <action android:name="android.intent.action.MY_PACKAGE_REPLACED" />
108-->[:flutter_foreground_task] AndroidManifest.xml:21:17-84
108-->[:flutter_foreground_task] AndroidManifest.xml:21:25-81
109            </intent-filter>
110        </receiver>
111        <receiver
111-->[:flutter_foreground_task] AndroidManifest.xml:24:9-27:40
112            android:name="com.pravera.flutter_foreground_task.service.RestartReceiver"
112-->[:flutter_foreground_task] AndroidManifest.xml:25:13-87
113            android:enabled="true"
113-->[:flutter_foreground_task] AndroidManifest.xml:26:13-35
114            android:exported="false" />
114-->[:flutter_foreground_task] AndroidManifest.xml:27:13-37
115
116        <uses-library
116-->[androidx.window:window:1.2.0] AndroidManifest.xml:23:9-25:40
117            android:name="androidx.window.extensions"
117-->[androidx.window:window:1.2.0] AndroidManifest.xml:24:13-54
118            android:required="false" />
118-->[androidx.window:window:1.2.0] AndroidManifest.xml:25:13-37
119        <uses-library
119-->[androidx.window:window:1.2.0] AndroidManifest.xml:26:9-28:40
120            android:name="androidx.window.sidecar"
120-->[androidx.window:window:1.2.0] AndroidManifest.xml:27:13-51
121            android:required="false" />
121-->[androidx.window:window:1.2.0] AndroidManifest.xml:28:13-37
122
123        <provider
123-->[androidx.lifecycle:lifecycle-process:2.7.0] AndroidManifest.xml:24:9-32:20
124            android:name="androidx.startup.InitializationProvider"
124-->[androidx.lifecycle:lifecycle-process:2.7.0] AndroidManifest.xml:25:13-67
125            android:authorities="com.example.ai_assestant.androidx-startup"
125-->[androidx.lifecycle:lifecycle-process:2.7.0] AndroidManifest.xml:26:13-68
126            android:exported="false" >
126-->[androidx.lifecycle:lifecycle-process:2.7.0] AndroidManifest.xml:27:13-37
127            <meta-data
127-->[androidx.lifecycle:lifecycle-process:2.7.0] AndroidManifest.xml:29:13-31:52
128                android:name="androidx.lifecycle.ProcessLifecycleInitializer"
128-->[androidx.lifecycle:lifecycle-process:2.7.0] AndroidManifest.xml:30:17-78
129                android:value="androidx.startup" />
129-->[androidx.lifecycle:lifecycle-process:2.7.0] AndroidManifest.xml:31:17-49
130            <meta-data
130-->[androidx.profileinstaller:profileinstaller:1.3.1] AndroidManifest.xml:29:13-31:52
131                android:name="androidx.profileinstaller.ProfileInstallerInitializer"
131-->[androidx.profileinstaller:profileinstaller:1.3.1] AndroidManifest.xml:30:17-85
132                android:value="androidx.startup" />
132-->[androidx.profileinstaller:profileinstaller:1.3.1] AndroidManifest.xml:31:17-49
133        </provider>
134
135        <receiver
135-->[androidx.profileinstaller:profileinstaller:1.3.1] AndroidManifest.xml:34:9-52:20
136            android:name="androidx.profileinstaller.ProfileInstallReceiver"
136-->[androidx.profileinstaller:profileinstaller:1.3.1] AndroidManifest.xml:35:13-76
137            android:directBootAware="false"
137-->[androidx.profileinstaller:profileinstaller:1.3.1] AndroidManifest.xml:36:13-44
138            android:enabled="true"
138-->[androidx.profileinstaller:profileinstaller:1.3.1] AndroidManifest.xml:37:13-35
139            android:exported="true"
139-->[androidx.profileinstaller:profileinstaller:1.3.1] AndroidManifest.xml:38:13-36
140            android:permission="android.permission.DUMP" >
140-->[androidx.profileinstaller:profileinstaller:1.3.1] AndroidManifest.xml:39:13-57
141            <intent-filter>
141-->[androidx.profileinstaller:profileinstaller:1.3.1] AndroidManifest.xml:40:13-42:29
142                <action android:name="androidx.profileinstaller.action.INSTALL_PROFILE" />
142-->[androidx.profileinstaller:profileinstaller:1.3.1] AndroidManifest.xml:41:17-91
142-->[androidx.profileinstaller:profileinstaller:1.3.1] AndroidManifest.xml:41:25-88
143            </intent-filter>
144            <intent-filter>
144-->[androidx.profileinstaller:profileinstaller:1.3.1] AndroidManifest.xml:43:13-45:29
145                <action android:name="androidx.profileinstaller.action.SKIP_FILE" />
145-->[androidx.profileinstaller:profileinstaller:1.3.1] AndroidManifest.xml:44:17-85
145-->[androidx.profileinstaller:profileinstaller:1.3.1] AndroidManifest.xml:44:25-82
146            </intent-filter>
147            <intent-filter>
147-->[androidx.profileinstaller:profileinstaller:1.3.1] AndroidManifest.xml:46:13-48:29
148                <action android:name="androidx.profileinstaller.action.SAVE_PROFILE" />
148-->[androidx.profileinstaller:profileinstaller:1.3.1] AndroidManifest.xml:47:17-88
148-->[androidx.profileinstaller:profileinstaller:1.3.1] AndroidManifest.xml:47:25-85
149            </intent-filter>
150            <intent-filter>
150-->[androidx.profileinstaller:profileinstaller:1.3.1] AndroidManifest.xml:49:13-51:29
151                <action android:name="androidx.profileinstaller.action.BENCHMARK_OPERATION" />
151-->[androidx.profileinstaller:profileinstaller:1.3.1] AndroidManifest.xml:50:17-95
151-->[androidx.profileinstaller:profileinstaller:1.3.1] AndroidManifest.xml:50:25-92
152            </intent-filter>
153        </receiver>
154    </application>
155
156</manifest>